App listening on port 63001.
[0mGET /api/persons [36m304 [0m19.005 ms - -[0m
[0mGET /api/projects [32m200 [0m10.873 ms - 2107[0m
[0mGET /api/proposals [32m200 [0m21.185 ms - 2723[0m
[0mGET /api/submissions [32m200 [0m23.652 ms - 5472[0m
[0mGET /api/persons [36m304 [0m22.697 ms - -[0m
[0mGET /api/reviews [32m200 [0m32.732 ms - 1828[0m
[0mGET /api/reviews/57f233f689e437907f9f4a12 [36m304 [0m6.287 ms - -[0m
[0mGET /api/comments/ [36m304 [0m8.480 ms - -[0m
[0mGET /api/notes/ [32m200 [0m9.639 ms - 626[0m
[0mGET /api/reviews/57f233f689e437907f9f4a12 [36m304 [0m3.517 ms - -[0m
[0mGET /api/comments/ [36m304 [0m6.818 ms - -[0m
[0mGET /api/projects [36m304 [0m13.079 ms - -[0m
[0mGET /api/proposals [36m304 [0m22.575 ms - -[0m
[0mGET /api/submissions [36m304 [0m36.568 ms - -[0m
[0mGET /api/reviews [36m304 [0m43.764 ms - -[0m
[0mGET /api/persons [36m304 [0m43.726 ms - -[0m
[0mGET /api/persons [36m304 [0m2.418 ms - -[0m
[0mGET /api/reviews/57f233f689e437907f9f4a12 [32m200 [0m2.897 ms - 491[0m
[0mGET /api/comments/ [32m200 [0m9.998 ms - 2001[0m
[0mGET /api/notes/ [36m304 [0m3.277 ms - -[0m
[0mGET /api/reviews/57f233f689e437907f9f4a12 [36m304 [0m2.528 ms - -[0m
[0mGET /api/comments/ [36m304 [0m5.971 ms - -[0m
[0mGET /api/reviews/57f233f689e437907f9f4a12 [36m304 [0m3.288 ms - -[0m
[0mGET /api/comments/ [36m304 [0m12.823 ms - -[0m
[0mGET /api/notes/ [36m304 [0m14.137 ms - -[0m
[0mGET /api/persons [36m304 [0m3.609 ms - -[0m
[0mGET /api/projects [36m304 [0m6.845 ms - -[0m
[0mGET /api/proposals [36m304 [0m13.237 ms - -[0m
[0mGET /api/submissions [36m304 [0m27.430 ms - -[0m
[0mGET /api/reviews [36m304 [0m34.545 ms - -[0m
[0mGET /api/persons [36m304 [0m24.210 ms - -[0m
[0mGET /api/reviews/57f233f689e437907f9f4a12 [36m304 [0m3.352 ms - -[0m
[0mGET /api/notes/ [36m304 [0m4.441 ms - -[0m
[0mGET /api/comments/ [36m304 [0m13.320 ms - -[0m
[0mGET /api/reviews/57f233f689e437907f9f4a12 [36m304 [0m2.985 ms - -[0m
[0mGET /api/teams/[object%20Object] [31m500 [0m2.046 ms - 1782[0m
TypeError: path must be absolute or specify root to res.sendFile
    at ServerResponse.sendFile (/root/MEAN_Project-Review/node_modules/express/lib/response.js:404:11)
    at /root/MEAN_Project-Review/server.js:1269:9
    at Layer.handle [as handle_request] (/root/MEAN_Project-Review/node_modules/express/lib/router/layer.js:95:5)
    at next (/root/MEAN_Project-Review/node_modules/express/lib/router/route.js:131:13)
    at Route.dispatch (/root/MEAN_Project-Review/node_modules/express/lib/router/route.js:112:3)
    at Layer.handle [as handle_request] (/root/MEAN_Project-Review/node_modules/express/lib/router/layer.js:95:5)
    at /root/MEAN_Project-Review/node_modules/express/lib/router/index.js:277:22
    at param (/root/MEAN_Project-Review/node_modules/express/lib/router/index.js:349:14)
    at param (/root/MEAN_Project-Review/node_modules/express/lib/router/index.js:365:14)
    at Function.process_params (/root/MEAN_Project-Review/node_modules/express/lib/router/index.js:410:3)
    at next (/root/MEAN_Project-Review/node_modules/express/lib/router/index.js:271:10)
    at methodOverride (/root/MEAN_Project-Review/node_modules/method-override/index.js:65:14)
    at Layer.handle [as handle_request] (/root/MEAN_Project-Review/node_modules/express/lib/router/layer.js:95:5)
    at trim_prefix (/root/MEAN_Project-Review/node_modules/express/lib/router/index.js:312:13)
    at /root/MEAN_Project-Review/node_modules/express/lib/router/index.js:280:7
    at Function.process_params (/root/MEAN_Project-Review/node_modules/express/lib/router/index.js:330:12)
[0mGET /api/comments/ [36m304 [0m4.126 ms - -[0m
[0mGET /api/teams [36m304 [0m1.859 ms - -[0m
[0mGET /api/grants [36m304 [0m3.746 ms - -[0m
[0mGET /api/tasks [36m304 [0m3.267 ms - -[0m
[0mGET /api/tags [36m304 [0m1.957 ms - -[0m
[0mGET /api/projects [32m200 [0m7.864 ms - 2107[0m
[0mGET /api/proposals [32m200 [0m10.331 ms - 2723[0m
[0mGET /api/submissions [32m200 [0m23.583 ms - 5472[0m
[0mGET /api/reviews [32m200 [0m28.067 ms - 1828[0m
[0mGET /api/persons [32m200 [0m28.217 ms - 191[0m
[0mGET /api/projects [36m304 [0m6.970 ms - -[0m
[0mGET /api/proposals [36m304 [0m9.661 ms - -[0m
[0mGET /api/submissions [36m304 [0m19.884 ms - -[0m
[0mGET /api/persons [36m304 [0m19.747 ms - -[0m
[0mGET /api/reviews [36m304 [0m26.925 ms - -[0m
[0mGET /api/reviews/57f233f689e437907f9f4a12 [32m200 [0m7.494 ms - 491[0m
[0mGET /api/comments/ [32m200 [0m4.588 ms - 2001[0m
[0mGET /api/notes/ [32m200 [0m1.771 ms - 626[0m
[0mGET /api/persons [36m304 [0m1.938 ms - -[0m
[0mGET /api/reviews/57f233f689e437907f9f4a12 [36m304 [0m3.670 ms - -[0m
[0mGET /api/comments/ [36m304 [0m8.771 ms - -[0m
[0mGET /api/persons [36m304 [0m1.885 ms - -[0m
[0mPOST /api/comments [32m200 [0m26.616 ms - 26[0m
[0mPOST /api/reviews/57f233f689e437907f9f4a12/comments [32m200 [0m15.009 ms - 491[0m
[0mGET /api/comments/ [32m200 [0m6.384 ms - 2169[0m
[0mGET /api/persons [36m304 [0m1.931 ms - -[0m
[0mPOST /api/comments [32m200 [0m4.183 ms - 26[0m
[0mPOST /api/reviews/57f233f689e437907f9f4a12/comments [32m200 [0m3.422 ms - 518[0m
[0mGET /api/comments/ [32m200 [0m5.473 ms - 2337[0m
[0mGET /api/persons [36m304 [0m3.341 ms - -[0m
[0mGET /api/submissions [36m304 [0m12.506 ms - -[0m
[0mPOST /api/submissions [32m200 [0m6.774 ms - 26[0m
[0mGET /api/proposals [36m304 [0m5.849 ms - -[0m
[0mPOST /api/proposals [32m200 [0m2.305 ms - 26[0m
[0mGET /api/reviews [32m200 [0m8.415 ms - 1882[0m
[0mPOST /api/reviews [32m200 [0m2.405 ms - 26[0m
[0mGET /api/projects [36m304 [0m6.351 ms - -[0m
[0mPOST /api/projects [32m200 [0m2.152 ms - 26[0m
[0mGET /api/teams [32m200 [0m1.902 ms - 2[0m
[0mGET /api/persons [36m304 [0m1.995 ms - -[0m
[0mGET /api/persons [36m304 [0m1.246 ms - -[0m
[0mPOST /api/persons [32m200 [0m2.377 ms - 26[0m
[0mGET /api/persons [32m200 [0m1.993 ms - 285[0m
[0mGET /api/submissions [32m200 [0m11.756 ms - 5707[0m
[0mPOST /api/submissions [32m200 [0m3.654 ms - 26[0m
[0mGET /api/proposals [32m200 [0m6.405 ms - 2879[0m
[0mPOST /api/proposals [32m200 [0m1.990 ms - 26[0m
[0mGET /api/reviews [32m200 [0m6.999 ms - 1971[0m
[0mPOST /api/reviews [32m200 [0m2.425 ms - 26[0m
[0mGET /api/projects [32m200 [0m7.390 ms - 2224[0m
[0mPOST /api/projects [32m200 [0m1.579 ms - 26[0m
[0mGET /api/grants [32m200 [0m2.084 ms - 202[0m
[0mGET /api/tasks [32m200 [0m2.569 ms - 2[0m
[0mGET /api/tags [32m200 [0m2.889 ms - 118[0m
App listening on port 63001.
[0mGET /api/persons [32m200 [0m23.577 ms - 285[0m
[0mGET /api/projects [32m200 [0m32.554 ms - 2341[0m
[0mGET /api/proposals [32m200 [0m58.678 ms - 3035[0m
[0mGET /api/submissions [32m200 [0m161.905 ms - 5990[0m
[0mGET /api/reviews [32m200 [0m176.845 ms - 2060[0m
[0mGET /api/persons [36m304 [0m153.914 ms - -[0m
[0mGET /api/reviews/57f233f689e437907f9f4a12 [32m200 [0m5.232 ms - 545[0m
[0mGET /api/comments/ [32m200 [0m25.911 ms - 2337[0m
[0mGET /api/notes/ [32m200 [0m26.816 ms - 626[0m
[0mGET /api/reviews/57f233f689e437907f9f4a12 [36m304 [0m2.841 ms - -[0m
[0mGET /api/comments/ [36m304 [0m20.522 ms - -[0m
[0mGET /api/persons [32m200 [0m3.057 ms - 285[0m
[0mGET /api/projects [32m200 [0m9.989 ms - 2341[0m
[0mGET /api/proposals [32m200 [0m8.085 ms - 3035[0m
[0mGET /api/submissions [32m200 [0m22.557 ms - 5990[0m
[0mGET /api/reviews [32m200 [0m21.598 ms - 2060[0m
[0mGET /api/persons [36m304 [0m9.637 ms - -[0m
[0mGET /api/reviews/57f233f689e437907f9f4a12 [32m200 [0m1.969 ms - 545[0m
[0mGET /api/comments/ [32m200 [0m6.947 ms - 2337[0m
[0mGET /api/notes/ [32m200 [0m2.470 ms - 626[0m
[0mGET /api/reviews/57f233f689e437907f9f4a12 [36m304 [0m2.341 ms - -[0m
[0mGET /api/comments/ [36m304 [0m5.517 ms - -[0m
[0mGET /api/persons [36m304 [0m1.930 ms - -[0m
[0mPOST /api/comments [32m200 [0m25.610 ms - 26[0m
[0mPOST /api/reviews/57f233f689e437907f9f4a12/comments [32m200 [0m7.600 ms - 545[0m
[0mGET /api/comments/ [32m200 [0m7.837 ms - 2505[0m
[0mGET /api/persons [36m304 [0m2.083 ms - -[0m
[0mPOST /api/comments [32m200 [0m2.915 ms - 26[0m
[0mPOST /api/reviews/57f233f689e437907f9f4a12/comments [32m200 [0m2.543 ms - 572[0m
[0mGET /api/comments/ [32m200 [0m9.261 ms - 2684[0m
[0mGET /api/projects [36m304 [0m9.294 ms - -[0m
[0mGET /api/proposals [36m304 [0m9.603 ms - -[0m
[0mGET /api/reviews [32m200 [0m16.122 ms - 2114[0m
[0mGET /api/submissions [36m304 [0m33.167 ms - -[0m
[0mGET /api/persons [36m304 [0m17.953 ms - -[0m
[0mGET /api/reviews/57f233f689e437907f9f4a12 [32m200 [0m2.115 ms - 599[0m
[0mGET /api/comments/ [36m304 [0m6.644 ms - -[0m
[0mGET /api/notes/ [36m304 [0m4.422 ms - -[0m
[0mGET /api/reviews/57f233f689e437907f9f4a12 [36m304 [0m2.804 ms - -[0m
[0mGET /api/notes/ [36m304 [0m2.176 ms - -[0m
[0mGET /api/teams [32m200 [0m1.936 ms - 2[0m
[0mGET /api/persons [36m304 [0m2.392 ms - -[0m
[0mGET /api/projects [36m304 [0m7.318 ms - -[0m
[0mGET /api/proposals [36m304 [0m6.090 ms - -[0m
[0mGET /api/submissions [36m304 [0m18.203 ms - -[0m
[0mGET /api/reviews [36m304 [0m12.194 ms - -[0m
[0mGET /api/persons [36m304 [0m14.480 ms - -[0m
[0mGET /api/reviews/57f233f689e437907f9f4a12 [36m304 [0m2.728 ms - -[0m
[0mGET /api/comments/ [36m304 [0m5.633 ms - -[0m
[0mGET /api/notes/ [36m304 [0m2.112 ms - -[0m
[0mGET /api/reviews/57f233f689e437907f9f4a12 [36m304 [0m2.744 ms - -[0m
[0mGET /api/comments/ [36m304 [0m6.293 ms - -[0m
[0mGET /api/projects [32m200 [0m11.506 ms - 2341[0m
[0mGET /api/proposals [32m200 [0m17.493 ms - 3035[0m
[0mGET /api/submissions [32m200 [0m29.751 ms - 5990[0m
[0mGET /api/reviews [32m200 [0m19.847 ms - 2114[0m
[0mGET /api/persons [36m304 [0m8.157 ms - -[0m
[0mGET /api/proposals [36m304 [0m9.844 ms - -[0m
[0mGET /api/reviews [36m304 [0m18.067 ms - -[0m
[0mGET /api/submissions [36m304 [0m30.848 ms - -[0m
[0mGET /api/projects [36m304 [0m38.675 ms - -[0m
[0mGET /api/persons [36m304 [0m28.466 ms - -[0m
[0mGET /api/persons [36m304 [0m2.993 ms - -[0m
[0mGET /api/reviews/57f233f689e437907f9f4a12 [32m200 [0m2.753 ms - 599[0m
[0mGET /api/notes/ [32m200 [0m2.826 ms - 626[0m
[0mGET /api/comments/ [32m200 [0m6.880 ms - 2684[0m
[0mGET /api/reviews/57f233f689e437907f9f4a12 [36m304 [0m1.989 ms - -[0m
[0mGET /api/comments/ [36m304 [0m5.614 ms - -[0m
[0mGET /api/reviews/57f233f689e437907f9f4a12 [36m304 [0m2.349 ms - -[0m
[0mGET /api/comments/ [36m304 [0m6.241 ms - -[0m
[0mGET /api/notes/ [36m304 [0m2.919 ms - -[0m
[0mGET /api/persons [36m304 [0m2.481 ms - -[0m
[0mGET /api/persons [36m304 [0m3.080 ms - -[0m
[0mGET /api/teams [32m200 [0m1.596 ms - 2[0m
[0mGET /api/teams [36m304 [0m1.262 ms - -[0m
[0mGET /api/projects [36m304 [0m13.354 ms - -[0m
[0mGET /api/proposals [36m304 [0m24.090 ms - -[0m
[0mGET /api/submissions [36m304 [0m29.523 ms - -[0m
[0mGET /api/reviews [36m304 [0m11.758 ms - -[0m
[0mGET /api/persons [36m304 [0m13.075 ms - -[0m
[0mGET /api/submissions [36m304 [0m22.298 ms - -[0m
[0mGET /api/persons [36m304 [0m22.911 ms - -[0m
[0mGET /api/reviews [36m304 [0m31.741 ms - -[0m
[0mGET /api/projects [36m304 [0m14.718 ms - -[0m
[0mGET /api/proposals [36m304 [0m9.908 ms - -[0m
[0mGET /api/persons [36m304 [0m2.964 ms - -[0m
[0mGET /api/teams [32m200 [0m1.738 ms - 2[0m
[0mGET /api/grants [32m200 [0m3.226 ms - 202[0m
[0mGET /api/tasks [32m200 [0m1.100 ms - 2[0m
[0mGET /api/tags [32m200 [0m2.036 ms - 118[0m
[0mGET /api/proposals [36m304 [0m23.037 ms - -[0m
[0mGET /api/reviews [36m304 [0m28.449 ms - -[0m
[0mGET /api/persons [36m304 [0m29.911 ms - -[0m
[0mGET /api/submissions [36m304 [0m45.397 ms - -[0m
[0mGET /api/projects [36m304 [0m21.829 ms - -[0m
[0mGET /api/reviews/57f233f689e437907f9f4a12 [36m304 [0m2.113 ms - -[0m
[0mGET /api/comments/ [36m304 [0m5.808 ms - -[0m
[0mGET /api/notes/ [36m304 [0m2.181 ms - -[0m
[0mGET /api/reviews/57f233f689e437907f9f4a12 [36m304 [0m1.793 ms - -[0m
[0mGET /api/comments/ [36m304 [0m7.110 ms - -[0m
[0mGET /api/projects [36m304 [0m8.337 ms - -[0m
[0mGET /api/proposals [36m304 [0m13.610 ms - -[0m
[0mGET /api/submissions [36m304 [0m14.829 ms - -[0m
[0mGET /api/persons [36m304 [0m15.041 ms - -[0m
[0mGET /api/reviews [36m304 [0m21.149 ms - -[0m
[0mGET /api/reviews/57f233f689e437907f9f4a12 [36m304 [0m3.015 ms - -[0m
[0mGET /api/comments/ [36m304 [0m6.428 ms - -[0m
[0mGET /api/notes/ [36m304 [0m6.711 ms - -[0m
[0mGET /api/reviews/57f233f689e437907f9f4a12 [36m304 [0m1.822 ms - -[0m
[0mGET /api/comments/ [36m304 [0m5.525 ms - -[0m
[0mGET /api/reviews/57f233f689e437907f9f4a12 [36m304 [0m2.339 ms - -[0m
[0mGET /api/comments/ [36m304 [0m5.250 ms - -[0m
[0mGET /api/notes/ [36m304 [0m1.925 ms - -[0m
[0mGET /api/reviews/57f233f689e437907f9f4a12 [36m304 [0m1.896 ms - -[0m
[0mGET /api/notes/ [36m304 [0m1.921 ms - -[0m
[0mGET /api/persons [36m304 [0m1.960 ms - -[0m
[0mPOST /api/notes [32m200 [0m7.243 ms - 26[0m
[0mPOST /api/reviews/57f233f689e437907f9f4a12/notes [32m200 [0m2.806 ms - 599[0m
[0mGET /api/persons [36m304 [0m2.114 ms - -[0m
[0mPOST /api/notes [32m200 [0m3.102 ms - 26[0m
[0mPOST /api/reviews/57f233f689e437907f9f4a12/notes [32m200 [0m1.967 ms - 626[0m
[0mGET /api/persons [36m304 [0m2.265 ms - -[0m
[0mGET /api/teams [36m304 [0m1.440 ms - -[0m
[0mGET /api/grants [36m304 [0m3.128 ms - -[0m
[0mGET /api/tasks [36m304 [0m2.626 ms - -[0m
[0mGET /api/tags [36m304 [0m1.552 ms - -[0m
[0mGET /api/persons [36m304 [0m2.846 ms - -[0m
[0mGET /api/submissions [36m304 [0m13.631 ms - -[0m
[0mPOST /api/submissions [32m200 [0m4.745 ms - 26[0m
[0mGET /api/proposals [36m304 [0m7.805 ms - -[0m
[0mPOST /api/proposals [32m200 [0m3.259 ms - 26[0m
[0mGET /api/reviews [32m200 [0m9.255 ms - 2168[0m
[0mPOST /api/reviews [32m200 [0m2.488 ms - 26[0m
[0mGET /api/projects [36m304 [0m5.578 ms - -[0m
[0mPOST /api/projects [32m200 [0m1.865 ms - 26[0m
[0mGET /api/projects [32m200 [0m7.261 ms - 2458[0m
[0mGET /api/proposals [32m200 [0m7.502 ms - 3169[0m
[0mGET /api/submissions [32m200 [0m19.707 ms - 6265[0m
[0mGET /api/reviews [32m200 [0m8.476 ms - 2257[0m
[0mGET /api/persons [36m304 [0m8.755 ms - -[0m
[0mGET /api/projects [36m304 [0m12.548 ms - -[0m
[0mGET /api/proposals [36m304 [0m10.196 ms - -[0m
[0mGET /api/submissions [36m304 [0m23.691 ms - -[0m
[0mGET /api/reviews [36m304 [0m28.843 ms - -[0m
[0mGET /api/persons [36m304 [0m21.704 ms - -[0m
[0mGET /api/teams [36m304 [0m1.279 ms - -[0m
[0mGET /api/projects [36m304 [0m7.226 ms - -[0m
[0mGET /api/proposals [36m304 [0m9.594 ms - -[0m
[0mGET /api/submissions [36m304 [0m22.982 ms - -[0m
[0mGET /api/reviews [36m304 [0m29.756 ms - -[0m
[0mGET /api/persons [36m304 [0m8.157 ms - -[0m
[0mGET /api/reviews/57f233f689e437907f9f4a12 [32m200 [0m2.433 ms - 653[0m
[0mGET /api/comments/ [36m304 [0m5.100 ms - -[0m
[0mGET /api/notes/ [32m200 [0m2.509 ms - 866[0m
[0mGET /api/reviews/57f233f689e437907f9f4a12 [36m304 [0m2.024 ms - -[0m
[0mGET /api/comments/ [36m304 [0m5.246 ms - -[0m
[0mGET /api/reviews/57f233f689e437907f9f4a12 [36m304 [0m2.038 ms - -[0m
[0mGET /api/comments/ [36m304 [0m6.638 ms - -[0m
[0mGET /api/notes/ [36m304 [0m3.552 ms - -[0m
[0mGET /api/reviews/57f233f689e437907f9f4a12 [36m304 [0m2.373 ms - -[0m
[0mGET /api/notes/ [36m304 [0m3.440 ms - -[0m
[0mGET /api/persons [36m304 [0m3.616 ms - -[0m
[0mPOST /api/notes [32m200 [0m2.434 ms - 26[0m
[0mPOST /api/reviews/57f233f689e437907f9f4a12/notes [32m200 [0m2.699 ms - 653[0m
App listening on port 63001.
App listening on port 63001.
App listening on port 63001.
[0mGET /api/persons [32m200 [0m1907.407 ms - 285[0m
[0mGET /api/requirementtypes [32m200 [0m14.636 ms - 707[0m
[0mGET /api/cloudtypes [32m200 [0m7.927 ms - 184[0m
[0mGET /api/devenvs [32m200 [0m2.915 ms - 284[0m
[0mGET /api/roles [32m200 [0m5.095 ms - 330[0m
[0mGET /api/grants [32m200 [0m1.912 ms - 202[0m
[0mGET /api/teams [32m200 [0m2.402 ms - 2[0m
[0mGET /api/hpctypes [32m200 [0m51.158 ms - 361[0m
[0mGET /api/virtualizations [32m200 [0m53.216 ms - 188[0m
[0mGET /api/datatransfers [32m200 [0m57.953 ms - 127[0m
[0mGET /api/softdevs [32m200 [0m62.578 ms - 407[0m
[0mGET /api/projects [32m200 [0m32.130 ms - 2458[0m
[0mGET /api/reviews [32m200 [0m33.070 ms - 2284[0m
[0mGET /api/proposals [32m200 [0m55.938 ms - 3169[0m
[0mGET /api/persons [36m304 [0m51.170 ms - -[0m
[0mGET /api/submissions [32m200 [0m70.701 ms - 6265[0m
[0mGET /api/requirements [32m200 [0m71.278 ms - 305[0m
DoneError: connection encountered an error[object Object]
[0mPOST /api/email/submission [0m- [0m- ms - -[0m
DoneError: connection encountered an error[object Object]
[0mPOST /api/email/submission [0m- [0m- ms - -[0m
DoneError: connection encountered an error[object Object]
[0mPOST /api/email/submission [0m- [0m- ms - -[0m
